<?xml version="1.0" encoding="UTF-8"?>
<testsuite name="salesOrderRepositoryV1.Functional Testing" tests="3" failures="2" errors="0" time="101.88"><properties>
[...]
</properties><testcase name="TestCase 1" time="51.689"/><testcase name="PropertyExpansion" time="0.001"><failure type="Cancelling due to failed test step" message="Cancelling due to failed test step"><![CDATA[<h3><b>expProperty Transfer Failed</b></h3><pre>Error performing transfer [sku] - Missing source property
</pre><hr/>]]></failure></testcase><testcase name="Groovy Scripting" time="50.19"><failure type="Cancelling due to failed test step" message="Cancelling due to failed test step"><![CDATA[<h3><b>GroovyGetByID Failed</b></h3><pre>[SOAP Response] error: Unexpected element: CDATA
[SOAP Response] Unexpected element: CDATA
</pre><hr/>]]></failure></testcase></testsuite>